{
  "RSpec": {
    "coverage": {
      "/Users/timtang/Desktop/week_11/uxbuddy/app/models/user.rb": [
        1,
        null,
        null,
        null,
        1,
        null,
        1,
        null,
        null
      ],
      "/Users/timtang/Desktop/week_11/uxbuddy/app/models/application_record.rb": [
        1,
        1,
        null
      ],
      "/Users/timtang/Desktop/week_11/uxbuddy/app/helpers/answers_helper.rb": [
        1,
        null
      ],
      "/Users/timtang/Desktop/week_11/uxbuddy/app/helpers/application_helper.rb": [
        1,
        null
      ],
      "/Users/timtang/Desktop/week_11/uxbuddy/app/helpers/devise_helper.rb": [
        1,
        1,
        24,
        null,
        null
      ],
      "/Users/timtang/Desktop/week_11/uxbuddy/app/helpers/home_helper.rb": [
        1,
        null
      ],
      "/Users/timtang/Desktop/week_11/uxbuddy/app/helpers/reports_helper.rb": [
        1,
        null
      ],
      "/Users/timtang/Desktop/week_11/uxbuddy/app/helpers/tests_helper.rb": [
        1,
        null,
        1,
        4,
        null,
        null,
        null
      ],
      "/Users/timtang/Desktop/week_11/uxbuddy/app/models/answer.rb": [
        1,
        1,
        1,
        1,
        null,
        1,
        6,
        6,
        6,
        6,
        6,
        null,
        null,
        null
      ],
      "/Users/timtang/Desktop/week_11/uxbuddy/app/models/question.rb": [
        1,
        1,
        1,
        1,
        null,
        1,
        13,
        13,
        null,
        null,
        null
      ],
      "/Users/timtang/Desktop/week_11/uxbuddy/app/models/test.rb": [
        1,
        1,
        1,
        null,
        1,
        1,
        1,
        1,
        null,
        null,
        1,
        1,
        1,
        1,
        1,
        null,
        null
      ],
      "/Users/timtang/Desktop/week_11/uxbuddy/app/models/test_type.rb": [
        1,
        1,
        null
      ],
      "/Users/timtang/Desktop/week_11/uxbuddy/lib/tasks/load_data.rake": [
        1,
        null,
        1,
        null,
        1,
        1,
        1,
        1,
        8,
        null,
        null,
        null,
        1,
        1,
        1,
        1,
        7,
        null,
        null,
        null,
        null
      ],
      "/Users/timtang/Desktop/week_11/uxbuddy/app/controllers/application_controller.rb": [
        1,
        1,
        null,
        1,
        null,
        null,
        null
      ],
      "/Users/timtang/Desktop/week_11/uxbuddy/app/controllers/tests_controller.rb": [
        1,
        null,
        1,
        null,
        1,
        13,
        13,
        13,
        13,
        null,
        0,
        0,
        null,
        null,
        null,
        1,
        6,
        6,
        2,
        2,
        2,
        null,
        8,
        4,
        4,
        null,
        null,
        null,
        1,
        4,
        3,
        null,
        1,
        1,
        null,
        null,
        null,
        1,
        7,
        7,
        null,
        null,
        1,
        null,
        null,
        1,
        null,
        null,
        1,
        null,
        1,
        10,
        null,
        null,
        1,
        10,
        null,
        null,
        1,
        7,
        1,
        null,
        6,
        null,
        null,
        null,
        1,
        13,
        4,
        4,
        null,
        9,
        null,
        null,
        null,
        null
      ],
      "/Users/timtang/Desktop/week_11/uxbuddy/app/controllers/reports_controller.rb": [
        1,
        null,
        1,
        5,
        4,
        4,
        4,
        4,
        null,
        null,
        null,
        4,
        4,
        null,
        1,
        1,
        null,
        null,
        null,
        1,
        1,
        1,
        null,
        0,
        0,
        null,
        null,
        null,
        1,
        null,
        1,
        0,
        null,
        null,
        null
      ],
      "/Users/timtang/Desktop/week_11/uxbuddy/app/controllers/answers_controller.rb": [
        1,
        null,
        1,
        6,
        6,
        6,
        null,
        null,
        1,
        null,
        1,
        6,
        null,
        null,
        null
      ],
      "/Users/timtang/Desktop/week_11/uxbuddy/app/channels/application_cable/channel.rb": [
        0,
        0,
        0,
        0
      ],
      "/Users/timtang/Desktop/week_11/uxbuddy/app/channels/application_cable/connection.rb": [
        0,
        0,
        0,
        0
      ],
      "/Users/timtang/Desktop/week_11/uxbuddy/app/controllers/home_controller.rb": [
        0,
        0
      ],
      "/Users/timtang/Desktop/week_11/uxbuddy/app/jobs/application_job.rb": [
        0,
        0
      ],
      "/Users/timtang/Desktop/week_11/uxbuddy/app/mailers/application_mailer.rb": [
        0,
        0,
        0,
        0
      ]
    },
    "timestamp": 1478016867
  }
}
